# JRE version: OpenJDK Runtime Environment Temurin-17.0.3+7 (17.0.3+7) (build 17.0.3+7)
# Java VM: OpenJDK 64-Bit Server VM Temurin-17.0.3+7 (17.0.3+7, mixed mode, sharing, tiered, compressed oops, compressed class ptrs, g1 gc, windows-amd64)
GC Precious Log:
 CPUs: 12 total, 12 available
 Memory: 32044M
 Large Page Support: Disabled
 NUMA Support: Disabled
 Compressed Oops: Enabled (Zero based)
 Heap Region Size: 2M
 Heap Min Capacity: 512M
 Heap Initial Capacity: 512M
 Heap Max Capacity: 4072M
 Pre-touch: Disabled
 Parallel Workers: 10
 Concurrent Workers: 3
 Concurrent Refinement Workers: 10
 Periodic GC: Disabled
 String Deduplication is enabled
Heap:
 garbage-first heap   total 524288K, used 107002K [0x0000000701800000, 0x0000000800000000)
  region size 2048K, 22 young (45056K), 5 survivors (10240K)
 Metaspace       used 55069K, committed 55488K, reserved 1097728K
  class space    used 7410K, committed 7616K, reserved 1048576K
GC Heap History (20 events):
Event: 0.783 GC heap before
{Heap before GC invocations=0 (full 0):
 garbage-first heap   total 524288K, used 83968K [0x0000000701800000, 0x0000000800000000)
  region size 2048K, 40 young (81920K), 0 survivors (0K)
 Metaspace       used 9944K, committed 10176K, reserved 1064960K
  class space    used 841K, committed 960K, reserved 1048576K
}
Event: 0.814 GC heap after
{Heap after GC invocations=1 (full 0):
 garbage-first heap   total 524288K, used 22179K [0x0000000701800000, 0x0000000800000000)
  region size 2048K, 5 young (10240K), 5 survivors (10240K)
 Metaspace       used 9944K, committed 10176K, reserved 1064960K
  class space    used 841K, committed 960K, reserved 1048576K
}
Event: 1.176 GC heap before
{Heap before GC invocations=1 (full 0):
 garbage-first heap   total 524288K, used 91811K [0x0000000701800000, 0x0000000800000000)
  region size 2048K, 40 young (81920K), 5 survivors (10240K)
 Metaspace       used 18091K, committed 18240K, reserved 1073152K
  class space    used 1797K, committed 1856K, reserved 1048576K
}
Event: 1.180 GC heap after
{Heap after GC invocations=2 (full 0):
 garbage-first heap   total 524288K, used 26759K [0x0000000701800000, 0x0000000800000000)
  region size 2048K, 3 young (6144K), 3 survivors (6144K)
 Metaspace       used 18091K, committed 18240K, reserved 1073152K
  class space    used 1797K, committed 1856K, reserved 1048576K
}
Event: 1.287 GC heap before
{Heap before GC invocations=2 (full 0):
 garbage-first heap   total 524288K, used 102535K [0x0000000701800000, 0x0000000800000000)
  region size 2048K, 40 young (81920K), 3 survivors (6144K)
 Metaspace       used 18952K, committed 19200K, reserved 1073152K
  class space    used 1875K, committed 1984K, reserved 1048576K
}
Event: 1.289 GC heap after
{Heap after GC invocations=3 (full 0):
 garbage-first heap   total 524288K, used 27580K [0x0000000701800000, 0x0000000800000000)
  region size 2048K, 3 young (6144K), 3 survivors (6144K)
 Metaspace       used 18952K, committed 19200K, reserved 1073152K
  class space    used 1875K, committed 1984K, reserved 1048576K
}
Event: 1.311 GC heap before
{Heap before GC invocations=3 (full 0):
 garbage-first heap   total 524288K, used 101308K [0x0000000701800000, 0x0000000800000000)
  region size 2048K, 40 young (81920K), 3 survivors (6144K)
 Metaspace       used 19320K, committed 19584K, reserved 1073152K
  class space    used 1901K, committed 2048K, reserved 1048576K
}
Event: 1.313 GC heap after
{Heap after GC invocations=4 (full 0):
 garbage-first heap   total 524288K, used 27012K [0x0000000701800000, 0x0000000800000000)
  region size 2048K, 1 young (2048K), 1 survivors (2048K)
 Metaspace       used 19320K, committed 19584K, reserved 1073152K
  class space    used 1901K, committed 2048K, reserved 1048576K
}
Event: 1.338 GC heap before
{Heap before GC invocations=4 (full 0):
 garbage-first heap   total 524288K, used 106884K [0x0000000701800000, 0x0000000800000000)
  region size 2048K, 40 young (81920K), 1 survivors (2048K)
 Metaspace       used 19589K, committed 19840K, reserved 1073152K
  class space    used 1933K, committed 2048K, reserved 1048576K
}
Event: 1.338 GC heap after
{Heap after GC invocations=5 (full 0):
 garbage-first heap   total 524288K, used 26584K [0x0000000701800000, 0x0000000800000000)
  region size 2048K, 1 young (2048K), 1 survivors (2048K)
 Metaspace       used 19589K, committed 19840K, reserved 1073152K
  class space    used 1933K, committed 2048K, reserved 1048576K
}
Event: 1.366 GC heap before
{Heap before GC invocations=5 (full 0):
 garbage-first heap   total 524288K, used 106456K [0x0000000701800000, 0x0000000800000000)
  region size 2048K, 40 young (81920K), 1 survivors (2048K)
 Metaspace       used 19594K, committed 19840K, reserved 1073152K
  class space    used 1935K, committed 2048K, reserved 1048576K
}
Event: 1.367 GC heap after
{Heap after GC invocations=6 (full 0):
 garbage-first heap   total 524288K, used 26551K [0x0000000701800000, 0x0000000800000000)
  region size 2048K, 1 young (2048K), 1 survivors (2048K)
 Metaspace       used 19594K, committed 19840K, reserved 1073152K
  class space    used 1935K, committed 2048K, reserved 1048576K
}
Event: 1.537 GC heap before
{Heap before GC invocations=6 (full 0):
 garbage-first heap   total 524288K, used 90039K [0x0000000701800000, 0x0000000800000000)
  region size 2048K, 34 young (69632K), 1 survivors (2048K)
 Metaspace       used 21298K, committed 21504K, reserved 1073152K
  class space    used 2178K, committed 2304K, reserved 1048576K
}
Event: 1.539 GC heap after
{Heap after GC invocations=7 (full 0):
 garbage-first heap   total 669696K, used 27003K [0x0000000701800000, 0x0000000800000000)
  region size 2048K, 1 young (2048K), 1 survivors (2048K)
 Metaspace       used 21298K, committed 21504K, reserved 1073152K
  class space    used 2178K, committed 2304K, reserved 1048576K
}
Event: 2.776 GC heap before
{Heap before GC invocations=8 (full 0):
 garbage-first heap   total 524288K, used 135547K [0x0000000701800000, 0x0000000800000000)
  region size 2048K, 33 young (67584K), 1 survivors (2048K)
 Metaspace       used 35929K, committed 36096K, reserved 1081344K
  class space    used 4330K, committed 4416K, reserved 1048576K
}
Event: 2.779 GC heap after
{Heap after GC invocations=9 (full 0):
 garbage-first heap   total 524288K, used 50883K [0x0000000701800000, 0x0000000800000000)
  region size 2048K, 5 young (10240K), 5 survivors (10240K)
 Metaspace       used 35929K, committed 36096K, reserved 1081344K
  class space    used 4330K, committed 4416K, reserved 1048576K
}
Event: 8.397 GC heap before
{Heap before GC invocations=10 (full 0):
 garbage-first heap   total 524288K, used 120515K [0x0000000701800000, 0x0000000800000000)
  region size 2048K, 40 young (81920K), 5 survivors (10240K)
 Metaspace       used 47321K, committed 47680K, reserved 1097728K
  class space    used 6173K, committed 6336K, reserved 1048576K
}
Event: 8.403 GC heap after
{Heap after GC invocations=11 (full 0):
 garbage-first heap   total 524288K, used 60595K [0x0000000701800000, 0x0000000800000000)
  region size 2048K, 5 young (10240K), 5 survivors (10240K)
 Metaspace       used 47321K, committed 47680K, reserved 1097728K
  class space    used 6173K, committed 6336K, reserved 1048576K
}
Event: 9.338 GC heap before
{Heap before GC invocations=11 (full 0):
 garbage-first heap   total 524288K, used 132275K [0x0000000701800000, 0x0000000800000000)
  region size 2048K, 40 young (81920K), 5 survivors (10240K)
 Metaspace       used 52845K, committed 53184K, reserved 1097728K
  class space    used 7057K, committed 7232K, reserved 1048576K
}
Event: 9.343 GC heap after
{Heap after GC invocations=12 (full 0):
 garbage-first heap   total 524288K, used 68090K [0x0000000701800000, 0x0000000800000000)
  region size 2048K, 5 young (10240K), 5 survivors (10240K)
 Metaspace       used 52845K, committed 53184K, reserved 1097728K
  class space    used 7057K, committed 7232K, reserved 1048576K
}

